C51 COMPILER V9.59.0.0   HONGWAI                                                           04/30/2023 15:49:57 PAGE 1   


C51 COMPILER V9.59.0.0, COMPILATION OF MODULE HONGWAI
OBJECT MODULE PLACED IN .\Objects\hongwai.obj
COMPILER INVOKED BY: D:\keil_MDK_community\keil_core\C51\BIN\C51.EXE hongwai.c LARGE OPTIMIZE(8,SPEED) BROWSE DEBUG OBJE
                    -CTEXTEND PRINT(.\Listings\hongwai.lst) OBJECT(.\Objects\hongwai.obj)

line level    source

   1          #include "hongwai.h"
   2          #include "display.h"
   3          
   4          void scan1()
   5          {
   6   1      
   7   1          key1buf = (key1buf<<1) | hongwai1;
   8   1          if (key1buf == 0x10)//连续4次扫描值为0,已到达
   9   1          {
  10   2              key1sta = 0;
  11   2          }
  12   1          else if (key1buf == 0x0f)//连续4次扫描值为1，已经过
  13   1          {
  14   2              key1sta = 1;
  15   2          }
  16   1          else //其余不稳定，不更新
  17   1          {}       
  18   1      }
  19          
  20          void hongwaidrive1()
  21          {
  22   1          if (key1sta != key1backup)//红外状态发生了变化
  23   1          {
  24   2              if (key1backup == 0)//上次为0，经过
  25   2              {
  26   3                  LED1_ADD();
  27   3              }
  28   2              key1backup = key1sta;
  29   2          } 
  30   1      }


MODULE INFORMATION:   STATIC OVERLAYABLE
   CODE SIZE        =     52    ----
   CONSTANT SIZE    =   ----    ----
   XDATA SIZE       =      1    ----
   PDATA SIZE       =   ----    ----
   DATA SIZE        =   ----    ----
   IDATA SIZE       =   ----    ----
   BIT SIZE         =      2    ----
END OF MODULE INFORMATION.


C51 COMPILATION COMPLETE.  0 WARNING(S),  0 ERROR(S)
