C51 COMPILER V9.59.0.0   MAIN                                                              04/30/2023 17:10:31 PAGE 1   


C51 COMPILER V9.59.0.0, COMPILATION OF MODULE MAIN
OBJECT MODULE PLACED IN .\Objects\main.obj
COMPILER INVOKED BY: D:\keil_MDK_community\keil_core\C51\BIN\C51.EXE main.c OPTIMIZE(8,SPEED) BROWSE DEBUG OBJECTEXTEND 
                    -PRINT(.\Listings\main.lst) OBJECT(.\Objects\main.obj)

line level    source

   1          #include <reg51.h>
   2          #include "HC595.h"
   3          #include "delay.h"
   4          #include "display.h"
   5          
   6          void Timer0Init(void);
   7          
   8          void main()
   9          {
  10   1          unsigned int i = 20000;//开机界面倒计时变量
  11   1          HC_595_INIT();
  12   1          Timer0Init();
  13   1          while(i--);
  14   1          while(1)
  15   1          {
  16   2              LEDBuf[0]=1;LEDBuf[1]=2;LEDBuf[2]=3;LEDBuf[3]=4;
  17   2              LEDBuf[4]=5;LEDBuf[5]=6;LEDBuf[6]=7;LEDBuf[7]=8;
  18   2          }
  19   1      }
  20          
  21          void Timer0Init(void)           //500微秒定时标记
  22          {
  23   1      //      AUXR &= 0x7F;           //定时器时钟12T模式
  24   1              TMOD &= 0xF0;           //设置定时器模式
  25   1              TMOD |= 0x01;           //设置定时器模式
  26   1              TL0 = 0x33;             //设置定时初始值
  27   1              TH0 = 0xFE;             //设置定时初始值
  28   1          ET0 = 1;
  29   1          EA = 1;
  30   1              TF0 = 0;                //清除TF0标志
  31   1              TR0 = 1;                //定时器0开始计时
  32   1      }
  33           
  34          void InterruptTimer0() interrupt 1
  35          {
  36   1          TR0 = 0;     //定时器0关闭计时
  37   1          display();
  38   1      //    scan1();
  39   1          TH0 = 0xFE;  //重新加载初值
  40   1              TL0 = 0x33; 
  41   1          TR0 = 1;     //定时器0开始计时
  42   1      }


MODULE INFORMATION:   STATIC OVERLAYABLE
   CODE SIZE        =    141    ----
   CONSTANT SIZE    =   ----    ----
   XDATA SIZE       =   ----    ----
   PDATA SIZE       =   ----    ----
   DATA SIZE        =   ----       2
   IDATA SIZE       =   ----    ----
   BIT SIZE         =   ----    ----
END OF MODULE INFORMATION.


C51 COMPILATION COMPLETE.  0 WARNING(S),  0 ERROR(S)
